<?xml version="1.0" encoding="UTF-8"?>
<robot generator="Robot 3.2.2 (Python 3.9.0 on win32)" generated="20201121 21:06:18.496" rpa="false">
<suite id="s1" name="Testcases" source="C:\Automation\robotframework_appium_test\tests\testcases.robot">
<test id="s1-t1" name="Login_User">
<kw name="Launch the App" library="general_resources">
<kw name="Open Application" library="AppiumExtensionLibrary">
<doc>Opens a new application to given Appium server.
Capabilities of appium server, Android and iOS,
Please check https://github.com/appium/appium/blob/master/docs/en/writing-running-appium/server-args.md
| *Option*            | *Man.* | *Description*     |
| remote_url          | Yes    | Appium server url |
| alias               | no     | alias             |</doc>
<arguments>
<arg>http://localhost:4723/wd/hub</arg>
<arg>platformName=${platformName}</arg>
<arg>deviceName=${deviceName}</arg>
<arg>appPackage=${appPackage}</arg>
<arg>appActivity=${appActivity}</arg>
<arg>automationName=${automationName}</arg>
</arguments>
<status status="PASS" starttime="20201121 21:06:18.761" endtime="20201121 21:06:27.616"></status>
</kw>
<status status="PASS" starttime="20201121 21:06:18.760" endtime="20201121 21:06:27.617"></status>
</kw>
<kw name="Login User" library="general_resources">
<arguments>
<arg>${testUser1.email}</arg>
<arg>${testUser1.password}</arg>
</arguments>
<kw name="Wait Until Page Contains Element" library="AppiumExtensionLibrary">
<doc>Waits until element specified with `locator` appears on current page.</doc>
<arguments>
<arg>${loginButton}</arg>
<arg>timeout=${short}</arg>
</arguments>
<status status="PASS" starttime="20201121 21:06:27.620" endtime="20201121 21:06:28.536"></status>
</kw>
<kw name="Input Value" library="AppiumExtensionLibrary">
<doc>Sets the given value into text field identified by `locator`. This is an IOS only keyword, input value makes use of set_value</doc>
<arguments>
<arg>${loginEmail}</arg>
<arg>${email}</arg>
</arguments>
<msg timestamp="20201121 21:06:28.537" level="INFO">Setting text 'appiumtest1@yopmail.com' into text field 'id=chat21.android.demo:id/email'</msg>
<status status="PASS" starttime="20201121 21:06:28.536" endtime="20201121 21:06:28.610"></status>
</kw>
<kw name="Input Password" library="AppiumExtensionLibrary">
<doc>Types the given password into text field identified by `locator`.</doc>
<arguments>
<arg>${loginPassword}</arg>
<arg>${password}</arg>
</arguments>
<msg timestamp="20201121 21:06:28.611" level="INFO">Typing password into text field 'id=chat21.android.demo:id/password'</msg>
<status status="PASS" starttime="20201121 21:06:28.610" endtime="20201121 21:06:29.146"></status>
</kw>
<kw name="Click Element" library="AppiumExtensionLibrary">
<doc>Click element identified by `locator`.</doc>
<arguments>
<arg>${loginButton}</arg>
</arguments>
<msg timestamp="20201121 21:06:29.147" level="INFO">Clicking element 'id=chat21.android.demo:id/login'.</msg>
<status status="PASS" starttime="20201121 21:06:29.146" endtime="20201121 21:06:29.682"></status>
</kw>
<status status="PASS" starttime="20201121 21:06:27.618" endtime="20201121 21:06:29.682"></status>
</kw>
<status status="PASS" starttime="20201121 21:06:18.760" endtime="20201121 21:06:29.683" critical="yes"></status>
</test>
<status status="PASS" starttime="20201121 21:06:18.499" endtime="20201121 21:06:29.684"></status>
</suite>
<statistics>
<total>
<stat pass="1" fail="0">Critical Tests</stat>
<stat pass="1" fail="0">All Tests</stat>
</total>
<tag>
</tag>
<suite>
<stat pass="1" fail="0" id="s1" name="Testcases">Testcases</stat>
</suite>
</statistics>
<errors>
</errors>
</robot>
